<?xml version="1.0" encoding="UTF-8"?>
<testng-results skipped="0" failed="0" ignored="0" total="3" passed="3">
  <reporter-output>
  </reporter-output>
  <suite name="restAssuredTest" duration-ms="3700" started-at="2018-12-13T14:57:50 EET" finished-at="2018-12-13T14:57:54 EET">
    <groups>
    </groups>
    <test name="Command line test" duration-ms="3700" started-at="2018-12-13T14:57:50 EET" finished-at="2018-12-13T14:57:54 EET">
      <class name="restAssuredTest">
        <test-method status="PASS" signature="CretePollMessage()[pri:0, instance:restAssuredTest@1dfe2924]" name="CretePollMessage" duration-ms="2265" started-at="2018-12-13T14:57:50 EET" finished-at="2018-12-13T14:57:53 EET">
          <reporter-output>
          </reporter-output>
        </test-method> <!-- CretePollMessage -->
        <test-method status="PASS" signature="GetMessages()[pri:0, instance:restAssuredTest@1dfe2924]" name="GetMessages" duration-ms="446" started-at="2018-12-13T14:57:53 EET" finished-at="2018-12-13T14:57:53 EET">
          <reporter-output>
          </reporter-output>
        </test-method> <!-- GetMessages -->
        <test-method status="PASS" signature="Login()[pri:0, instance:restAssuredTest@1dfe2924]" name="Login" duration-ms="947" started-at="2018-12-13T14:57:53 EET" description="Login Scenario with valid username and password." finished-at="2018-12-13T14:57:54 EET">
          <reporter-output>
          </reporter-output>
        </test-method> <!-- Login -->
      </class> <!-- restAssuredTest -->
    </test> <!-- Command line test -->
  </suite> <!-- restAssuredTest -->
</testng-results>
