<?xml version="1.0" encoding="UTF-8"?>
<!-- Generated by org.testng.reporters.JUnitXMLReporter -->
<testsuite hostname="N189" ignored="0" name="Command line test" tests="3" failures="0" timestamp="2018-12-13T14:52:30 EET" time="5.989" errors="0">
  <testcase name="CretePollMessage" time="3.077" classname="LoginPollGetMessagesSuite.restAssuredTest"/>
  <testcase name="GetMessages" time="0.415" classname="LoginPollGetMessagesSuite.restAssuredTest"/>
  <testcase name="Login" time="2.438" classname="LoginPollGetMessagesSuite.restAssuredTest"/>
</testsuite> <!-- Command line test -->
